[     327ms] [INFO] %cDownload the React DevTools for a better development experience: https://react.dev/link/react-devtools font-weight:bold @ http://localhost:3000/_next/static/chunks/0ql__next_dist_0h714e~._.js:2477
[     370ms] [LOG] [HMR] connected @ http://localhost:3000/_next/static/chunks/0ql__next_dist_0h714e~._.js:2477
[     679ms] [WARNING] Lit is in dev mode. Not recommended for production! See https://lit.dev/msg/dev-mode for more information. @ http://localhost:3000/_next/static/chunks/0ql__next_dist_0h714e~._.js:2477
[     729ms] [ERROR] Failed to load resource: the server responded with a status of 404 (Not Found) @ http://localhost:3000/api/copilotkit/threads?agentId=default:0
[   81314ms] [LOG] [Fast Refresh] rebuilding @ http://localhost:3000/_next/static/chunks/0ql__next_dist_0h714e~._.js:2477
[   81490ms] [LOG] [Fast Refresh] done in 277ms @ http://localhost:3000/_next/static/chunks/0ql__next_dist_0h714e~._.js:2477
[  542943ms] [LOG] [Fast Refresh] rebuilding @ http://localhost:3000/_next/static/chunks/0ql__next_dist_0h714e~._.js:2477
[  542947ms] [LOG] [Fast Refresh] done in 106ms @ http://localhost:3000/_next/static/chunks/0ql__next_dist_0h714e~._.js:2477
[  769557ms] [LOG] [Fast Refresh] rebuilding @ http://localhost:3000/_next/static/chunks/0ql__next_dist_0h714e~._.js:2477
[  771156ms] [LOG] [Fast Refresh] done in 1700ms @ http://localhost:3000/_next/static/chunks/0ql__next_dist_0h714e~._.js:2477
[  777043ms] [LOG] [Fast Refresh] rebuilding @ http://localhost:3000/_next/static/chunks/0ql__next_dist_0h714e~._.js:2477
[  778622ms] [LOG] [Fast Refresh] done in 342ms @ http://localhost:3000/_next/static/chunks/0ql__next_dist_0h714e~._.js:2477
[  804302ms] [LOG] [Fast Refresh] rebuilding @ http://localhost:3000/_next/static/chunks/0ql__next_dist_0h714e~._.js:2477
[  804321ms] [LOG] [Fast Refresh] done in 120ms @ http://localhost:3000/_next/static/chunks/0ql__next_dist_0h714e~._.js:2477
[  997051ms] [LOG] [Fast Refresh] rebuilding @ http://localhost:3000/_next/static/chunks/0ql__next_dist_0h714e~._.js:2477
[  998342ms] [LOG] [Fast Refresh] done in 652ms @ http://localhost:3000/_next/static/chunks/0ql__next_dist_0h714e~._.js:2477
[ 1440582ms] [LOG] [Fast Refresh] rebuilding @ http://localhost:3000/_next/static/chunks/0ql__next_dist_0h714e~._.js:2477
[ 1441419ms] [LOG] [Fast Refresh] done in 947ms @ http://localhost:3000/_next/static/chunks/0ql__next_dist_0h714e~._.js:2477
[ 1441591ms] [LOG] [Fast Refresh] rebuilding @ http://localhost:3000/_next/static/chunks/0ql__next_dist_0h714e~._.js:2477
[ 1444366ms] [LOG] [Fast Refresh] done in 2876ms @ http://localhost:3000/_next/static/chunks/0ql__next_dist_0h714e~._.js:2477
[ 1444535ms] [LOG] [Fast Refresh] rebuilding @ http://localhost:3000/_next/static/chunks/0ql__next_dist_0h714e~._.js:2477
[ 1444569ms] [LOG] [Fast Refresh] done in 135ms @ http://localhost:3000/_next/static/chunks/0ql__next_dist_0h714e~._.js:2477
[ 1446453ms] [LOG] [Fast Refresh] rebuilding @ http://localhost:3000/_next/static/chunks/0ql__next_dist_0h714e~._.js:2477
[ 1446610ms] [LOG] [Fast Refresh] done in 259ms @ http://localhost:3000/_next/static/chunks/0ql__next_dist_0h714e~._.js:2477
[ 1448634ms] [LOG] [Fast Refresh] rebuilding @ http://localhost:3000/_next/static/chunks/0ql__next_dist_0h714e~._.js:2477
[ 1448692ms] [LOG] [Fast Refresh] done in 159ms @ http://localhost:3000/_next/static/chunks/0ql__next_dist_0h714e~._.js:2477
[ 1449038ms] [LOG] [Fast Refresh] rebuilding @ http://localhost:3000/_next/static/chunks/0ql__next_dist_0h714e~._.js:2477
[ 1449115ms] [LOG] [Fast Refresh] done in 178ms @ http://localhost:3000/_next/static/chunks/0ql__next_dist_0h714e~._.js:2477
[ 1461386ms] [LOG] [Fast Refresh] rebuilding @ http://localhost:3000/_next/static/chunks/0ql__next_dist_0h714e~._.js:2477
[ 1461625ms] [LOG] [Fast Refresh] done in 339ms @ http://localhost:3000/_next/static/chunks/0ql__next_dist_0h714e~._.js:2477
[ 2380696ms] [LOG] [Fast Refresh] rebuilding @ http://localhost:3000/_next/static/chunks/0ql__next_dist_0h714e~._.js:2477
[ 2381121ms] [LOG] [Fast Refresh] done in 533ms @ http://localhost:3000/_next/static/chunks/0ql__next_dist_0h714e~._.js:2477
[ 2397303ms] [LOG] [Fast Refresh] rebuilding @ http://localhost:3000/_next/static/chunks/0ql__next_dist_0h714e~._.js:2477
[ 2397453ms] [LOG] [Fast Refresh] done in 252ms @ http://localhost:3000/_next/static/chunks/0ql__next_dist_0h714e~._.js:2477
[ 2397847ms] [LOG] [Fast Refresh] rebuilding @ http://localhost:3000/_next/static/chunks/0ql__next_dist_0h714e~._.js:2477
[ 2398284ms] [LOG] [Fast Refresh] done in 539ms @ http://localhost:3000/_next/static/chunks/0ql__next_dist_0h714e~._.js:2477
