[     163ms] [LOG] [Fast Refresh] rebuilding @ http://localhost:3000/_next/static/chunks/0ql__next_dist_0h714e~._.js:2477
[    8434ms] [LOG] [Fast Refresh] done in 8371ms @ http://localhost:3000/_next/static/chunks/0ql__next_dist_0h714e~._.js:2477
[    8540ms] [LOG] [Fast Refresh] rebuilding @ http://localhost:3000/_next/static/chunks/0ql__next_dist_0h714e~._.js:2477
[    8792ms] [INFO] %cDownload the React DevTools for a better development experience: https://react.dev/link/react-devtools font-weight:bold @ http://localhost:3000/_next/static/chunks/0ql__next_dist_0h714e~._.js:2477
[    8882ms] [LOG] [HMR] connected @ http://localhost:3000/_next/static/chunks/0ql__next_dist_0h714e~._.js:2477
[    9046ms] [LOG] [Fast Refresh] rebuilding @ http://localhost:3000/_next/static/chunks/0ql__next_dist_0h714e~._.js:2477
[    9162ms] [WARNING] Lit is in dev mode. Not recommended for production! See https://lit.dev/msg/dev-mode for more information. @ http://localhost:3000/_next/static/chunks/0ql__next_dist_0h714e~._.js:2477
[    9237ms] [LOG] [Fast Refresh] done in 305ms @ http://localhost:3000/_next/static/chunks/0ql__next_dist_0h714e~._.js:2477
[    9239ms] [ERROR] Failed to load resource: the server responded with a status of 404 (Not Found) @ http://localhost:3000/api/copilotkit/threads?agentId=default:0
[   61203ms] [LOG] [Fast Refresh] rebuilding @ http://localhost:3000/_next/static/chunks/0ql__next_dist_0h714e~._.js:2477
[   61278ms] [LOG] [Fast Refresh] done in 177ms @ http://localhost:3000/_next/static/chunks/0ql__next_dist_0h714e~._.js:2477
[   62785ms] [ERROR] Failed to load resource: the server responded with a status of 404 (Not Found) @ http://localhost:3000/wards?_rsc=2Md0sTUZcnjCijMr:0
[   62958ms] [ERROR] Failed to load resource: the server responded with a status of 404 (Not Found) @ http://localhost:3000/wards:0
[   63103ms] [INFO] %cDownload the React DevTools for a better development experience: https://react.dev/link/react-devtools font-weight:bold @ http://localhost:3000/_next/static/chunks/0ql__next_dist_0h714e~._.js:2477
[   63161ms] [LOG] [HMR] connected @ http://localhost:3000/_next/static/chunks/0ql__next_dist_0h714e~._.js:2477
[   63268ms] [WARNING] Lit is in dev mode. Not recommended for production! See https://lit.dev/msg/dev-mode for more information. @ http://localhost:3000/_next/static/chunks/0ql__next_dist_0h714e~._.js:2477
[   63311ms] [ERROR] Failed to load resource: the server responded with a status of 404 (Not Found) @ http://localhost:3000/api/copilotkit/threads?agentId=default:0
[   64746ms] [INFO] %cDownload the React DevTools for a better development experience: https://react.dev/link/react-devtools font-weight:bold @ http://localhost:3000/_next/static/chunks/0ql__next_dist_0h714e~._.js:2477
[   64786ms] [LOG] [HMR] connected @ http://localhost:3000/_next/static/chunks/0ql__next_dist_0h714e~._.js:2477
[   89550ms] [LOG] [Fast Refresh] rebuilding @ http://localhost:3000/_next/static/chunks/0ql__next_dist_0h714e~._.js:2477
[   89863ms] [LOG] [Fast Refresh] done in 380ms @ http://localhost:3000/_next/static/chunks/0ql__next_dist_0h714e~._.js:2477
[   93288ms] [LOG] [Fast Refresh] rebuilding @ http://localhost:3000/_next/static/chunks/0ql__next_dist_0h714e~._.js:2477
[   93619ms] [LOG] [Fast Refresh] done in 398ms @ http://localhost:3000/_next/static/chunks/0ql__next_dist_0h714e~._.js:2477
[  104215ms] [LOG] [Fast Refresh] rebuilding @ http://localhost:3000/_next/static/chunks/0ql__next_dist_0h714e~._.js:2477
[  104762ms] Error: Internal Next.js error: Router action dispatched before initialization.
    at dispatchAppRouterAction (http://localhost:3000/_next/static/chunks/0ql__next_dist_client_03_nkd2._.js:916:37)
    at http://localhost:3000/_next/static/chunks/0ql__next_dist_client_03_nkd2._.js:11823:61
    at startTransition (http://localhost:3000/_next/static/chunks/0ql__next_dist_compiled_0n_tdzl._.js:1279:31)
    at Object.hmrRefresh (http://localhost:3000/_next/static/chunks/0ql__next_dist_client_03_nkd2._.js:11822:40)
    at http://localhost:3000/_next/static/chunks/0ql__next_dist_client_03_nkd2._.js:13990:64
    at startTransition (http://localhost:3000/_next/static/chunks/0ql__next_dist_compiled_0n_tdzl._.js:1279:31)
    at processMessage (http://localhost:3000/_next/static/chunks/0ql__next_dist_client_03_nkd2._.js:13989:44)
    at WebSocket.handleMessage (http://localhost:3000/_next/static/chunks/0ql__next_dist_client_03_nkd2._.js:13358:52)
[  104763ms] Error: Internal Next.js error: Router action dispatched before initialization.
    at dispatchAppRouterAction (http://localhost:3000/_next/static/chunks/0ql__next_dist_client_03_nkd2._.js:916:37)
    at http://localhost:3000/_next/static/chunks/0ql__next_dist_client_03_nkd2._.js:11823:61
    at startTransition (http://localhost:3000/_next/static/chunks/0ql__next_dist_compiled_0n_tdzl._.js:1279:31)
    at Object.hmrRefresh (http://localhost:3000/_next/static/chunks/0ql__next_dist_client_03_nkd2._.js:11822:40)
    at http://localhost:3000/_next/static/chunks/0ql__next_dist_client_03_nkd2._.js:13990:64
    at startTransition (http://localhost:3000/_next/static/chunks/0ql__next_dist_compiled_0n_tdzl._.js:1279:31)
    at processMessage (http://localhost:3000/_next/static/chunks/0ql__next_dist_client_03_nkd2._.js:13989:44)
    at WebSocket.handleMessage (http://localhost:3000/_next/static/chunks/0ql__next_dist_client_03_nkd2._.js:13358:52)
[  104779ms] Error: Internal Next.js error: Router action dispatched before initialization.
    at dispatchAppRouterAction (http://localhost:3000/_next/static/chunks/0ql__next_dist_client_03_nkd2._.js:916:37)
    at http://localhost:3000/_next/static/chunks/0ql__next_dist_client_03_nkd2._.js:11823:61
    at startTransition (http://localhost:3000/_next/static/chunks/0ql__next_dist_compiled_0n_tdzl._.js:1279:31)
    at Object.hmrRefresh (http://localhost:3000/_next/static/chunks/0ql__next_dist_client_03_nkd2._.js:11822:40)
    at http://localhost:3000/_next/static/chunks/0ql__next_dist_client_03_nkd2._.js:13990:64
    at startTransition (http://localhost:3000/_next/static/chunks/0ql__next_dist_compiled_0n_tdzl._.js:1279:31)
    at processMessage (http://localhost:3000/_next/static/chunks/0ql__next_dist_client_03_nkd2._.js:13989:44)
    at WebSocket.handleMessage (http://localhost:3000/_next/static/chunks/0ql__next_dist_client_03_nkd2._.js:13358:52)
[  105204ms] [LOG] [Fast Refresh] done in 662ms @ http://localhost:3000/_next/static/chunks/0ql__next_dist_0h714e~._.js:2477
[  105209ms] Error: Internal Next.js error: Router action dispatched before initialization.
    at dispatchAppRouterAction (http://localhost:3000/_next/static/chunks/0ql__next_dist_client_03_nkd2._.js:916:37)
    at http://localhost:3000/_next/static/chunks/0ql__next_dist_client_03_nkd2._.js:11823:61
    at startTransition (http://localhost:3000/_next/static/chunks/0ql__next_dist_compiled_0n_tdzl._.js:1279:31)
    at Object.hmrRefresh (http://localhost:3000/_next/static/chunks/0ql__next_dist_client_03_nkd2._.js:11822:40)
    at http://localhost:3000/_next/static/chunks/0ql__next_dist_client_03_nkd2._.js:13990:64
    at startTransition (http://localhost:3000/_next/static/chunks/0ql__next_dist_compiled_0n_tdzl._.js:1279:31)
    at processMessage (http://localhost:3000/_next/static/chunks/0ql__next_dist_client_03_nkd2._.js:13989:44)
    at WebSocket.handleMessage (http://localhost:3000/_next/static/chunks/0ql__next_dist_client_03_nkd2._.js:13358:52)
[  108333ms] [LOG] [Fast Refresh] rebuilding @ http://localhost:3000/_next/static/chunks/0ql__next_dist_0h714e~._.js:2477
[  108472ms] [LOG] [Fast Refresh] done in 214ms @ http://localhost:3000/_next/static/chunks/0ql__next_dist_0h714e~._.js:2477
[  108745ms] [LOG] [Fast Refresh] rebuilding @ http://localhost:3000/_next/static/chunks/0ql__next_dist_0h714e~._.js:2477
[  108762ms] [LOG] [Fast Refresh] done in 118ms @ http://localhost:3000/_next/static/chunks/0ql__next_dist_0h714e~._.js:2477
[  118292ms] [LOG] [Fast Refresh] rebuilding @ http://localhost:3000/_next/static/chunks/0ql__next_dist_0h714e~._.js:2477
[  118442ms] [LOG] [Fast Refresh] done in 217ms @ http://localhost:3000/_next/static/chunks/0ql__next_dist_0h714e~._.js:2477
[  118735ms] [LOG] [Fast Refresh] rebuilding @ http://localhost:3000/_next/static/chunks/0ql__next_dist_0h714e~._.js:2477
[  119894ms] [LOG] [Fast Refresh] done in 1260ms @ http://localhost:3000/_next/static/chunks/0ql__next_dist_0h714e~._.js:2477
[  120008ms] [LOG] [Fast Refresh] rebuilding @ http://localhost:3000/_next/static/chunks/0ql__next_dist_0h714e~._.js:2477
[  120408ms] [LOG] [Fast Refresh] done in 502ms @ http://localhost:3000/_next/static/chunks/0ql__next_dist_0h714e~._.js:2477
[  121883ms] [LOG] [Fast Refresh] rebuilding @ http://localhost:3000/_next/static/chunks/0ql__next_dist_0h714e~._.js:2477
[  122191ms] [LOG] [Fast Refresh] done in 409ms @ http://localhost:3000/_next/static/chunks/0ql__next_dist_0h714e~._.js:2477
[  138548ms] [LOG] [Fast Refresh] rebuilding @ http://localhost:3000/_next/static/chunks/0ql__next_dist_0h714e~._.js:2477
[  138573ms] [LOG] [Fast Refresh] done in 125ms @ http://localhost:3000/_next/static/chunks/0ql__next_dist_0h714e~._.js:2477
